Determining if the pthread_create exist failed with the following output:
Change Dir: /home/pi/ROLABS/ros_node/cmdMoteur/build/CMakeFiles/CMakeTmp

Run Build Command:/usr/bin/make "cmTryCompileExec615238517/fast"
make[1]: Entering directory `/home/pi/ROLABS/ros_node/cmdMoteur/build/CMakeFiles/CMakeTmp'
/usr/bin/make -f CMakeFiles/cmTryCompileExec615238517.dir/build.make CMakeFiles/cmTryCompileExec615238517.dir/build
make[2]: Entering directory `/home/pi/ROLABS/ros_node/cmdMoteur/build/CMakeFiles/CMakeTmp'
/usr/bin/cmake -E cmake_progress_report /home/pi/ROLABS/ros_node/cmdMoteur/build/CMakeFiles/CMakeTmp/CMakeFiles 1
Building C object CMakeFiles/cmTryCompileExec615238517.dir/CheckSymbolExists.c.o
/usr/bin/gcc    -o CMakeFiles/cmTryCompileExec615238517.dir/CheckSymbolExists.c.o   -c /home/pi/ROLABS/ros_node/cmdMoteur/build/CMakeFiles/CMakeTmp/CheckSymbolExists.c
Linking C executable cmTryCompileExec615238517
/usr/bin/cmake -E cmake_link_script CMakeFiles/cmTryCompileExec615238517.dir/link.txt --verbose=1
/usr/bin/gcc         CMakeFiles/cmTryCompileExec615238517.dir/CheckSymbolExists.c.o  -o cmTryCompileExec615238517 -rdynamic 
CMakeFiles/cmTryCompileExec615238517.dir/CheckSymbolExists.c.o: In function `main':
CheckSymbolExists.c:(.text+0x38): undefined reference to `pthread_create'
collect2: ld returned 1 exit status
make[2]: Leaving directory `/home/pi/ROLABS/ros_node/cmdMoteur/build/CMakeFiles/CMakeTmp'
make[2]: *** [cmTryCompileExec615238517] Error 1
make[1]: Leaving directory `/home/pi/ROLABS/ros_node/cmdMoteur/build/CMakeFiles/CMakeTmp'
make[1]: *** [cmTryCompileExec615238517/fast] Error 2

File /home/pi/ROLABS/ros_node/cmdMoteur/build/CMakeFiles/CMakeTmp/CheckSymbolExists.c:
/* */
#include <pthread.h>

int main(int argc, char** argv)
{
  (void)argv;
#ifndef pthread_create
  return ((int*)(&pthread_create))[argc];
#else
  (void)argc;
  return 0;
#endif
}

Determining if the function pthread_create exists in the pthreads failed with the following output:
Change Dir: /home/pi/ROLABS/ros_node/cmdMoteur/build/CMakeFiles/CMakeTmp

Run Build Command:/usr/bin/make "cmTryCompileExec1231502605/fast"
make[1]: Entering directory `/home/pi/ROLABS/ros_node/cmdMoteur/build/CMakeFiles/CMakeTmp'
/usr/bin/make -f CMakeFiles/cmTryCompileExec1231502605.dir/build.make CMakeFiles/cmTryCompileExec1231502605.dir/build
make[2]: Entering directory `/home/pi/ROLABS/ros_node/cmdMoteur/build/CMakeFiles/CMakeTmp'
/usr/bin/cmake -E cmake_progress_report /home/pi/ROLABS/ros_node/cmdMoteur/build/CMakeFiles/CMakeTmp/CMakeFiles 1
Building C object CMakeFiles/cmTryCompileExec1231502605.dir/CheckFunctionExists.c.o
/usr/bin/gcc   -DCHECK_FUNCTION_EXISTS=pthread_create   -o CMakeFiles/cmTryCompileExec1231502605.dir/CheckFunctionExists.c.o   -c /usr/share/cmake-2.8/Modules/CheckFunctionExists.c
Linking C executable cmTryCompileExec1231502605
/usr/bin/cmake -E cmake_link_script CMakeFiles/cmTryCompileExec1231502605.dir/link.txt --verbose=1
/usr/bin/gcc     -DCHECK_FUNCTION_EXISTS=pthread_create    CMakeFiles/cmTryCompileExec1231502605.dir/CheckFunctionExists.c.o  -o cmTryCompileExec1231502605 -rdynamic -lpthreads 
/usr/bin/ld: cannot find -lpthreads
collect2: ld returned 1 exit status
make[2]: Leaving directory `/home/pi/ROLABS/ros_node/cmdMoteur/build/CMakeFiles/CMakeTmp'
make[2]: *** [cmTryCompileExec1231502605] Error 1
make[1]: Leaving directory `/home/pi/ROLABS/ros_node/cmdMoteur/build/CMakeFiles/CMakeTmp'
make[1]: *** [cmTryCompileExec1231502605/fast] Error 2


