Determining if the pthread_create exist failed with the following output:
Change Dir: /home/pi/ROLABS/ros_node/wiimote2moteurs/build/CMakeFiles/CMakeTmp

Run Build Command:/usr/bin/make "cmTryCompileExec4077834226/fast"
make[1]: Entering directory `/home/pi/ROLABS/ros_node/wiimote2moteurs/build/CMakeFiles/CMakeTmp'
/usr/bin/make -f CMakeFiles/cmTryCompileExec4077834226.dir/build.make CMakeFiles/cmTryCompileExec4077834226.dir/build
make[2]: Entering directory `/home/pi/ROLABS/ros_node/wiimote2moteurs/build/CMakeFiles/CMakeTmp'
/usr/bin/cmake -E cmake_progress_report /home/pi/ROLABS/ros_node/wiimote2moteurs/build/CMakeFiles/CMakeTmp/CMakeFiles 1
Building C object CMakeFiles/cmTryCompileExec4077834226.dir/CheckSymbolExists.c.o
/usr/bin/gcc    -o CMakeFiles/cmTryCompileExec4077834226.dir/CheckSymbolExists.c.o   -c /home/pi/ROLABS/ros_node/wiimote2moteurs/build/CMakeFiles/CMakeTmp/CheckSymbolExists.c
Linking C executable cmTryCompileExec4077834226
/usr/bin/cmake -E cmake_link_script CMakeFiles/cmTryCompileExec4077834226.dir/link.txt --verbose=1
/usr/bin/gcc         CMakeFiles/cmTryCompileExec4077834226.dir/CheckSymbolExists.c.o  -o cmTryCompileExec4077834226 -rdynamic 
CMakeFiles/cmTryCompileExec4077834226.dir/CheckSymbolExists.c.o: In function `main':
CheckSymbolExists.c:(.text+0x38): undefined reference to `pthread_create'
collect2: ld returned 1 exit status
make[2]: Leaving directory `/home/pi/ROLABS/ros_node/wiimote2moteurs/build/CMakeFiles/CMakeTmp'
make[2]: *** [cmTryCompileExec4077834226] Error 1
make[1]: *** [cmTryCompileExec4077834226/fast] Error 2
make[1]: Leaving directory `/home/pi/ROLABS/ros_node/wiimote2moteurs/build/CMakeFiles/CMakeTmp'

File /home/pi/ROLABS/ros_node/wiimote2moteurs/build/CMakeFiles/CMakeTmp/CheckSymbolExists.c:
/* */
#include <pthread.h>

int main(int argc, char** argv)
{
  (void)argv;
#ifndef pthread_create
  return ((int*)(&pthread_create))[argc];
#else
  (void)argc;
  return 0;
#endif
}

Determining if the function pthread_create exists in the pthreads failed with the following output:
Change Dir: /home/pi/ROLABS/ros_node/wiimote2moteurs/build/CMakeFiles/CMakeTmp

Run Build Command:/usr/bin/make "cmTryCompileExec4067297972/fast"
make[1]: Entering directory `/home/pi/ROLABS/ros_node/wiimote2moteurs/build/CMakeFiles/CMakeTmp'
/usr/bin/make -f CMakeFiles/cmTryCompileExec4067297972.dir/build.make CMakeFiles/cmTryCompileExec4067297972.dir/build
make[2]: Entering directory `/home/pi/ROLABS/ros_node/wiimote2moteurs/build/CMakeFiles/CMakeTmp'
/usr/bin/cmake -E cmake_progress_report /home/pi/ROLABS/ros_node/wiimote2moteurs/build/CMakeFiles/CMakeTmp/CMakeFiles 1
Building C object CMakeFiles/cmTryCompileExec4067297972.dir/CheckFunctionExists.c.o
/usr/bin/gcc   -DCHECK_FUNCTION_EXISTS=pthread_create   -o CMakeFiles/cmTryCompileExec4067297972.dir/CheckFunctionExists.c.o   -c /usr/share/cmake-2.8/Modules/CheckFunctionExists.c
Linking C executable cmTryCompileExec4067297972
/usr/bin/cmake -E cmake_link_script CMakeFiles/cmTryCompileExec4067297972.dir/link.txt --verbose=1
/usr/bin/gcc     -DCHECK_FUNCTION_EXISTS=pthread_create    CMakeFiles/cmTryCompileExec4067297972.dir/CheckFunctionExists.c.o  -o cmTryCompileExec4067297972 -rdynamic -lpthreads 
/usr/bin/ld: cannot find -lpthreads
collect2: ld returned 1 exit status
make[2]: Leaving directory `/home/pi/ROLABS/ros_node/wiimote2moteurs/build/CMakeFiles/CMakeTmp'
make[2]: *** [cmTryCompileExec4067297972] Error 1
make[1]: Leaving directory `/home/pi/ROLABS/ros_node/wiimote2moteurs/build/CMakeFiles/CMakeTmp'
make[1]: *** [cmTryCompileExec4067297972/fast] Error 2


